\BOOKMARK [1][-]{Doc-Start}{\376\377\000S\000e\000z\000n\000a\000m\000\040\000p\000o\000u\001\176\000i\000t\000\375\000c\000h\000\040\000z\000k\000r\000a\000t\000e\000k\000\040\000a\000\040\000s\000y\000m\000b\000o\000l\001\157}{}% 1
\BOOKMARK [1][-]{Doc-Start}{\376\377\000S\000e\000z\000n\000a\000m\000\040\000o\000b\000r\000\341\000z\000k\001\157}{}% 2
\BOOKMARK [1][-]{Doc-Start}{Seznam\040tabulek}{}% 3
\BOOKMARK [1][-]{section.1}{\332vod}{}% 4
\BOOKMARK [1][-]{section.2}{Popis\040notace\040ER\040diagramu}{}% 5
\BOOKMARK [2][-]{subsection.2.1}{Historie}{section.2}% 6
\BOOKMARK [2][-]{subsection.2.2}{Vyu\236it\355\040ER\040diagramu}{section.2}% 7
\BOOKMARK [2][-]{subsection.2.3}{\376\377\000K\000a\000t\000e\000g\000o\000r\000i\000e\000\040\000m\000o\000d\000e\000l\001\157}{section.2}% 8
\BOOKMARK [2][-]{subsection.2.4}{V\375voj\040notac\355}{section.2}% 9
\BOOKMARK [2][-]{subsection.2.5}{Rozd\355ly\040notac\355}{section.2}% 10
\BOOKMARK [2][-]{subsection.2.6}{Chenova\040notace}{section.2}% 11
\BOOKMARK [2][-]{subsection.2.7}{\376\377\001\014\000a\000s\000t\000o\000\040\000p\000o\000u\001\176\000\355\000v\000a\000n\000\351\000\040\000n\000o\000t\000a\000c\000e}{section.2}% 12
\BOOKMARK [2][-]{subsection.2.8}{\376\377\000N\000e\000v\000\375\000h\000o\000d\000y\000\040\000E\000R\000\040\000d\000i\000a\000g\000r\000a\000m\001\157}{section.2}% 13
\BOOKMARK [2][-]{subsection.2.9}{Notace\040pou\236it\341\040ve\040vyv\355jen\351m\040n\341stroji}{section.2}% 14
\BOOKMARK [2][-]{subsection.2.10}{Shrnut\355}{section.2}% 15
\BOOKMARK [1][-]{section.3}{\376\377\000P\000o\000p\000i\000s\000\040\000a\000\040\000s\000r\000o\000v\000n\000\341\000n\000\355\000\040\000s\000t\000\341\000v\000a\000j\000\355\000c\000\355\000c\000h\000\040\000C\000A\000S\000E\000\040\000n\000\341\000s\000t\000r\000o\000j\001\157\000\040\000p\000r\000o\000\040\000m\000o\000d\000e\000l\000o\000v\000\341\000n\000\355\000\040\000r\000e\000l\000a\001\015\000n\000\355\000c\000h\000\040\000d\000a\000t\000a\000b\000\341\000z\000\355}{}% 16
\BOOKMARK [2][-]{subsection.3.1}{\376\377\000V\000\375\000h\000o\000d\000y\000\040\000a\000\040\000n\000e\000v\000\375\000h\000o\000d\000y\000\040\000C\000A\000S\000E\000\040\000n\000\341\000s\000t\000r\000o\000j\001\157\000\040\000p\000r\000o\000\040\000m\000o\000d\000e\000l\000o\000v\000\341\000n\000\355\000\040\000r\000e\000l\000a\001\015\000n\000\355\000c\000h\000\040\000d\000a\000t\000a\000b\000\341\000z\000\355}{section.3}% 17
\BOOKMARK [2][-]{subsection.3.2}{\376\377\000S\000r\000o\000v\000n\000\341\000n\000\355\000\040\000s\000t\000\341\000v\000a\000j\000\355\000c\000\355\000c\000h\000\040\000n\000\341\000s\000t\000r\000o\000j\001\157}{section.3}% 18
\BOOKMARK [2][-]{subsection.3.3}{Shrnut\355}{section.3}% 19
\BOOKMARK [1][-]{section.4}{\376\377\000N\000\341\000v\000r\000h\000\040\000a\000\040\000i\000m\000p\000l\000e\000m\000e\000n\000t\000a\000c\000e\000\040\000g\000r\000a\000f\000i\000c\000k\000\351\000h\000o\000\040\000e\000d\000i\000t\000o\000r\000u\000\040\000E\000R\000\040\000d\000i\000a\000g\000r\000a\000m\001\157}{}% 20
\BOOKMARK [2][-]{subsection.4.1}{Architektura\040aplikace}{section.4}% 21
\BOOKMARK [2][-]{subsection.4.2}{\376\377\000K\000l\000\355\001\015\000o\000v\000\351\000\040\001\015\000\341\000s\000t\000i\000\040\000g\000r\000a\000f\000i\000c\000k\000\351\000h\000o\000\040\000e\000d\000i\000t\000o\000r\000u}{section.4}% 22
\BOOKMARK [2][-]{subsection.4.3}{\376\377\000V\000y\000h\000l\000e\000d\000\341\000n\000\355\000\040\000t\000r\000a\000s\000y\000\040\000p\000o\000\040\000p\001\131\000i\000d\000\341\000n\000\355\000\040\000v\000z\000t\000a\000h\000u}{section.4}% 23
\BOOKMARK [2][-]{subsection.4.4}{Automatick\351\040rozvr\236en\355\040tabulek}{section.4}% 24
\BOOKMARK [2][-]{subsection.4.5}{\376\377\000E\000x\000p\000o\000r\000t\000\040\000d\000i\000a\000g\000r\000a\000m\001\157}{section.4}% 25
\BOOKMARK [1][-]{section.5}{N\341vrh\040a\040implementace\040datov\351\040vrstvy}{}% 26
\BOOKMARK [2][-]{subsection.5.1}{\376\377\000Z\000d\000r\000o\000j\000\040\000i\000n\000f\000o\000r\000m\000a\000c\000\355\000\040\000o\000\040\000r\000e\000l\000a\001\015\000n\000\355\000m\000\040\000s\000c\000h\000\351\000m\000a\000t\000u}{section.5}% 27
\BOOKMARK [2][-]{subsection.5.2}{Struktura\040datov\351\040vrstvy}{section.5}% 28
\BOOKMARK [2][-]{subsection.5.3}{Informace\040o\040aktu\341ln\355\040relaci}{section.5}% 29
\BOOKMARK [2][-]{subsection.5.4}{\376\377\000S\000y\000n\000c\000h\000r\000o\000n\000i\000z\000a\000c\000e\000\040\000s\000\040\000r\000e\000l\000a\001\015\000n\000\355\000m\000\040\000s\000c\000h\000\351\000m\000a\000t\000e\000m}{section.5}% 30
\BOOKMARK [2][-]{subsection.5.5}{\376\377\000S\000e\000r\000i\000a\000l\000i\000z\000a\000c\000e\000\040\000d\000i\000a\000g\000r\000a\000m\001\157}{section.5}% 31
\BOOKMARK [1][-]{section.6}{\376\377\000Z\000\341\000v\001\033\000r}{}% 32
\BOOKMARK [1][-]{section.6}{Literatura}{}% 33
\BOOKMARK [1][-]{section.6}{\376\377\000P\001\131\000\355\000l\000o\000h\000y}{}% 34
\BOOKMARK [1][-]{appendix.A}{\376\377\000S\000t\000r\000u\000k\000t\000u\000r\000a\000\040\000p\001\131\000i\000l\000o\001\176\000e\000n\000\351\000h\000o\000\040\000o\000p\000t\000i\000c\000k\000\351\000h\000o\000\040\000m\000\351\000d\000i\000a}{}% 35
\BOOKMARK [1][-]{appendix.B}{\376\377\000P\000o\000u\001\176\000i\000t\000\351\000\040\000k\000n\000i\000h\000o\000v\000n\000y\000\040\000t\001\131\000e\000t\000\355\000c\000h\000\040\000s\000t\000r\000a\000n}{}% 36
